# JRE version: OpenJDK Runtime Environment (8.0_152-b01) (build 1.8.0_152-release-1343-b01)
# Java VM: OpenJDK 64-Bit Server VM (25.152-b01 mixed mode windows-amd64 compressed oops)
Heap:
 PSYoungGen      total 393216K, used 239213K [0x00000000e0000000, 0x0000000100000000, 0x0000000100000000)
  eden space 324608K, 60% used [0x00000000e0000000,0x00000000ebeeee30,0x00000000f3d00000)
  from space 68608K, 63% used [0x00000000f3d00000,0x00000000f67ac7b8,0x00000000f8000000)
  to   space 70656K, 0% used [0x00000000fbb00000,0x00000000fbb00000,0x0000000100000000)
 ParOldGen       total 139776K, used 51809K [0x00000000a0000000, 0x00000000a8880000, 0x00000000e0000000)
  object space 139776K, 37% used [0x00000000a0000000,0x00000000a3298428,0x00000000a8880000)
 Metaspace       used 111894K, capacity 117265K, committed 117504K, reserved 1150976K
  class space    used 14001K, capacity 15003K, committed 15104K, reserved 1048576K
GC Heap History (10 events):
Event: 3361.866 GC heap before
{Heap before GC invocations=29 (full 4):
 PSYoungGen      total 407040K, used 406650K [0x00000000e0000000, 0x00000000fca80000, 0x0000000100000000)
  eden space 370176K, 100% used [0x00000000e0000000,0x00000000f6980000,0x00000000f6980000)
  from space 36864K, 98% used [0x00000000fa680000,0x00000000fca1eac8,0x00000000fca80000)
  to   space 49152K, 0% used [0x00000000f6a80000,0x00000000f6a80000,0x00000000f9a80000)
 ParOldGen       total 139776K, used 51769K [0x00000000a0000000, 0x00000000a8880000, 0x00000000e0000000)
  object space 139776K, 37% used [0x00000000a0000000,0x00000000a328e428,0x00000000a8880000)
 Metaspace       used 96580K, capacity 100911K, committed 101120K, reserved 1136640K
  class space    used 12095K, capacity 12972K, committed 13056K, reserved 1048576K
Event: 3361.905 GC heap after
Heap after GC invocations=29 (full 4):
 PSYoungGen      total 389632K, used 34761K [0x00000000e0000000, 0x00000000fc080000, 0x0000000100000000)
  eden space 354816K, 0% used [0x00000000e0000000,0x00000000e0000000,0x00000000f5a80000)
  from space 34816K, 99% used [0x00000000f6a80000,0x00000000f8c72418,0x00000000f8c80000)
  to   space 52224K, 0% used [0x00000000f8d80000,0x00000000f8d80000,0x00000000fc080000)
 ParOldGen       total 139776K, used 51777K [0x00000000a0000000, 0x00000000a8880000, 0x00000000e0000000)
  object space 139776K, 37% used [0x00000000a0000000,0x00000000a3290428,0x00000000a8880000)
 Metaspace       used 96580K, capacity 100911K, committed 101120K, reserved 1136640K
  class space    used 12095K, capacity 12972K, committed 13056K, reserved 1048576K
}
Event: 3367.895 GC heap before
{Heap before GC invocations=30 (full 4):
 PSYoungGen      total 389632K, used 389577K [0x00000000e0000000, 0x00000000fc080000, 0x0000000100000000)
  eden space 354816K, 100% used [0x00000000e0000000,0x00000000f5a80000,0x00000000f5a80000)
  from space 34816K, 99% used [0x00000000f6a80000,0x00000000f8c72418,0x00000000f8c80000)
  to   space 52224K, 0% used [0x00000000f8d80000,0x00000000f8d80000,0x00000000fc080000)
 ParOldGen       total 139776K, used 51777K [0x00000000a0000000, 0x00000000a8880000, 0x00000000e0000000)
  object space 139776K, 37% used [0x00000000a0000000,0x00000000a3290428,0x00000000a8880000)
 Metaspace       used 102252K, capacity 106581K, committed 106880K, reserved 1142784K
  class space    used 12719K, capacity 13581K, committed 13696K, reserved 1048576K
Event: 3367.935 GC heap after
Heap after GC invocations=30 (full 4):
 PSYoungGen      total 387584K, used 43184K [0x00000000e0000000, 0x00000000fbc00000, 0x0000000100000000)
  eden space 339968K, 0% used [0x00000000e0000000,0x00000000e0000000,0x00000000f4c00000)
  from space 47616K, 90% used [0x00000000f8d80000,0x00000000fb7ac240,0x00000000fbc00000)
  to   space 57344K, 0% used [0x00000000f4c00000,0x00000000f4c00000,0x00000000f8400000)
 ParOldGen       total 139776K, used 51785K [0x00000000a0000000, 0x00000000a8880000, 0x00000000e0000000)
  object space 139776K, 37% used [0x00000000a0000000,0x00000000a3292428,0x00000000a8880000)
 Metaspace       used 102252K, capacity 106581K, committed 106880K, reserved 1142784K
  class space    used 12719K, capacity 13581K, committed 13696K, reserved 1048576K
}
Event: 3373.440 GC heap before
{Heap before GC invocations=31 (full 4):
 PSYoungGen      total 387584K, used 383152K [0x00000000e0000000, 0x00000000fbc00000, 0x0000000100000000)
  eden space 339968K, 100% used [0x00000000e0000000,0x00000000f4c00000,0x00000000f4c00000)
  from space 47616K, 90% used [0x00000000f8d80000,0x00000000fb7ac240,0x00000000fbc00000)
  to   space 57344K, 0% used [0x00000000f4c00000,0x00000000f4c00000,0x00000000f8400000)
 ParOldGen       total 139776K, used 51785K [0x00000000a0000000, 0x00000000a8880000, 0x00000000e0000000)
  object space 139776K, 37% used [0x00000000a0000000,0x00000000a3292428,0x00000000a8880000)
 Metaspace       used 107962K, capacity 112853K, committed 112896K, reserved 1146880K
  class space    used 13603K, capacity 14557K, committed 14592K, reserved 1048576K
Event: 3373.479 GC heap after
Heap after GC invocations=31 (full 4):
 PSYoungGen      total 379392K, used 53235K [0x00000000e0000000, 0x00000000fbd80000, 0x0000000100000000)
  eden space 326144K, 0% used [0x00000000e0000000,0x00000000e0000000,0x00000000f3e80000)
  from space 53248K, 99% used [0x00000000f4c00000,0x00000000f7ffce00,0x00000000f8000000)
  to   space 62976K, 0% used [0x00000000f8000000,0x00000000f8000000,0x00000000fbd80000)
 ParOldGen       total 139776K, used 51793K [0x00000000a0000000, 0x00000000a8880000, 0x00000000e0000000)
  object space 139776K, 37% used [0x00000000a0000000,0x00000000a3294428,0x00000000a8880000)
 Metaspace       used 107962K, capacity 112853K, committed 112896K, reserved 1146880K
  class space    used 13603K, capacity 14557K, committed 14592K, reserved 1048576K
}
Event: 3376.271 GC heap before
{Heap before GC invocations=32 (full 4):
 PSYoungGen      total 379392K, used 379379K [0x00000000e0000000, 0x00000000fbd80000, 0x0000000100000000)
  eden space 326144K, 100% used [0x00000000e0000000,0x00000000f3e80000,0x00000000f3e80000)
  from space 53248K, 99% used [0x00000000f4c00000,0x00000000f7ffce00,0x00000000f8000000)
  to   space 62976K, 0% used [0x00000000f8000000,0x00000000f8000000,0x00000000fbd80000)
 ParOldGen       total 139776K, used 51793K [0x00000000a0000000, 0x00000000a8880000, 0x00000000e0000000)
  object space 139776K, 37% used [0x00000000a0000000,0x00000000a3294428,0x00000000a8880000)
 Metaspace       used 111623K, capacity 116957K, committed 117248K, reserved 1150976K
  class space    used 13997K, capacity 14997K, committed 15104K, reserved 1048576K
Event: 3376.334 GC heap after
Heap after GC invocations=32 (full 4):
 PSYoungGen      total 387584K, used 47222K [0x00000000e0000000, 0x0000000100000000, 0x0000000100000000)
  eden space 324608K, 0% used [0x00000000e0000000,0x00000000e0000000,0x00000000f3d00000)
  from space 62976K, 74% used [0x00000000f8000000,0x00000000fae1d868,0x00000000fbd80000)
  to   space 68608K, 0% used [0x00000000f3d00000,0x00000000f3d00000,0x00000000f8000000)
 ParOldGen       total 139776K, used 51801K [0x00000000a0000000, 0x00000000a8880000, 0x00000000e0000000)
  object space 139776K, 37% used [0x00000000a0000000,0x00000000a3296428,0x00000000a8880000)
 Metaspace       used 111623K, capacity 116957K, committed 117248K, reserved 1150976K
  class space    used 13997K, capacity 14997K, committed 15104K, reserved 1048576K
}
Event: 3378.182 GC heap before
{Heap before GC invocations=33 (full 4):
 PSYoungGen      total 387584K, used 371830K [0x00000000e0000000, 0x0000000100000000, 0x0000000100000000)
  eden space 324608K, 100% used [0x00000000e0000000,0x00000000f3d00000,0x00000000f3d00000)
  from space 62976K, 74% used [0x00000000f8000000,0x00000000fae1d868,0x00000000fbd80000)
  to   space 68608K, 0% used [0x00000000f3d00000,0x00000000f3d00000,0x00000000f8000000)
 ParOldGen       total 139776K, used 51801K [0x00000000a0000000, 0x00000000a8880000, 0x00000000e0000000)
  object space 139776K, 37% used [0x00000000a0000000,0x00000000a3296428,0x00000000a8880000)
 Metaspace       used 111843K, capacity 117197K, committed 117504K, reserved 1150976K
  class space    used 14001K, capacity 15003K, committed 15104K, reserved 1048576K
Event: 3378.283 GC heap after
Heap after GC invocations=33 (full 4):
 PSYoungGen      total 393216K, used 43697K [0x00000000e0000000, 0x0000000100000000, 0x0000000100000000)
  eden space 324608K, 0% used [0x00000000e0000000,0x00000000e0000000,0x00000000f3d00000)
  from space 68608K, 63% used [0x00000000f3d00000,0x00000000f67ac7b8,0x00000000f8000000)
  to   space 70656K, 0% used [0x00000000fbb00000,0x00000000fbb00000,0x0000000100000000)
 ParOldGen       total 139776K, used 51809K [0x00000000a0000000, 0x00000000a8880000, 0x00000000e0000000)
  object space 139776K, 37% used [0x00000000a0000000,0x00000000a3298428,0x00000000a8880000)
 Metaspace       used 111843K, capacity 117197K, committed 117504K, reserved 1150976K
  class space    used 14001K, capacity 15003K, committed 15104K, reserved 1048576K
}

